ERROR:  /mnt/c/Users/Ryan/Desktop/cli-git-folder/ros/ros-edx-example/catkin_ws/devel/.private/chores/share/chores/msg/fibonacci-copyAction.msg: fibonacci-copyActionGoal is not a legal message field type
ERROR:  /mnt/c/Users/Ryan/Desktop/cli-git-folder/ros/ros-edx-example/catkin_ws/devel/.private/chores/share/chores/msg/fibonacci-copyAction.msg: fibonacci-copyActionGoal is not a legal message field type
make[2]: *** [CMakeFiles/chores_generate_messages_lisp.dir/build.make:209: /mnt/c/Users/Ryan/Desktop/cli-git-folder/ros/ros-edx-example/catkin_ws/devel/.private/chores/share/common-lisp/ros/chores/msg/fibonacci_copyActionGoal.lisp] Error 1
make[2]: *** Waiting for unfinished jobs....
ERROR:  /mnt/c/Users/Ryan/Desktop/cli-git-folder/ros/ros-edx-example/catkin_ws/devel/.private/chores/share/chores/msg/fibonacci-copyAction.msg: fibonacci-copyActionGoal is not a legal message field type
ERROR:  /mnt/c/Users/Ryan/Desktop/cli-git-folder/ros/ros-edx-example/catkin_ws/devel/.private/chores/share/chores/msg/fibonacci-copyAction.msg: fibonacci-copyActionGoal is not a legal message field type
make[2]: *** [CMakeFiles/chores_generate_messages_lisp.dir/build.make:201: /mnt/c/Users/Ryan/Desktop/cli-git-folder/ros/ros-edx-example/catkin_ws/devel/.private/chores/share/common-lisp/ros/chores/msg/fibonacci_copyAction.lisp] Error 1
ERROR:  /mnt/c/Users/Ryan/Desktop/cli-git-folder/ros/ros-edx-example/catkin_ws/devel/.private/chores/share/chores/msg/fibonacci-copyAction.msg: fibonacci-copyActionGoal is not a legal message field type
make[2]: *** [CMakeFiles/chores_generate_messages_nodejs.dir/build.make:201: /mnt/c/Users/Ryan/Desktop/cli-git-folder/ros/ros-edx-example/catkin_ws/devel/.private/chores/share/gennodejs/ros/chores/msg/fibonacci_copyAction.js] Error 1
make[2]: *** Waiting for unfinished jobs....
make[2]: *** [CMakeFiles/chores_generate_messages_nodejs.dir/build.make:209: /mnt/c/Users/Ryan/Desktop/cli-git-folder/ros/ros-edx-example/catkin_ws/devel/.private/chores/share/gennodejs/ros/chores/msg/fibonacci_copyActionGoal.js] Error 1
make[2]: *** [CMakeFiles/chores_generate_messages_lisp.dir/build.make:218: /mnt/c/Users/Ryan/Desktop/cli-git-folder/ros/ros-edx-example/catkin_ws/devel/.private/chores/share/common-lisp/ros/chores/msg/fibonacci_copyActionResult.lisp] Error 1
ERROR:  /mnt/c/Users/Ryan/Desktop/cli-git-folder/ros/ros-edx-example/catkin_ws/devel/.private/chores/share/chores/msg/fibonacci-copyAction.msg: fibonacci-copyActionGoal is not a legal message field type
make[2]: *** [CMakeFiles/chores_generate_messages_lisp.dir/build.make:227: /mnt/c/Users/Ryan/Desktop/cli-git-folder/ros/ros-edx-example/catkin_ws/devel/.private/chores/share/common-lisp/ros/chores/msg/fibonacci_copyActionFeedback.lisp] Error 1
make[1]: *** [CMakeFiles/Makefile2:299: CMakeFiles/chores_generate_messages_lisp.dir/all] Error 2
make[1]: *** Waiting for unfinished jobs....
ERROR:  /mnt/c/Users/Ryan/Desktop/cli-git-folder/ros/ros-edx-example/catkin_ws/devel/.private/chores/share/chores/msg/fibonacci-copyAction.msg: fibonacci-copyActionGoal is not a legal message field type
make[2]: *** [CMakeFiles/chores_generate_messages_eus.dir/build.make:202: /mnt/c/Users/Ryan/Desktop/cli-git-folder/ros/ros-edx-example/catkin_ws/devel/.private/chores/share/roseus/ros/chores/msg/fibonacci_copyAction.l] Error 1
make[2]: *** Waiting for unfinished jobs....
ERROR:  /mnt/c/Users/Ryan/Desktop/cli-git-folder/ros/ros-edx-example/catkin_ws/devel/.private/chores/share/chores/msg/fibonacci-copyAction.msg: fibonacci-copyActionGoal is not a legal message field type
make[2]: *** [CMakeFiles/chores_generate_messages_eus.dir/build.make:210: /mnt/c/Users/Ryan/Desktop/cli-git-folder/ros/ros-edx-example/catkin_ws/devel/.private/chores/share/roseus/ros/chores/msg/fibonacci_copyActionGoal.l] Error 1
ERROR:  /mnt/c/Users/Ryan/Desktop/cli-git-folder/ros/ros-edx-example/catkin_ws/devel/.private/chores/share/chores/msg/fibonacci-copyAction.msg: fibonacci-copyActionGoal is not a legal message field type
make[2]: *** [CMakeFiles/chores_generate_messages_nodejs.dir/build.make:218: /mnt/c/Users/Ryan/Desktop/cli-git-folder/ros/ros-edx-example/catkin_ws/devel/.private/chores/share/gennodejs/ros/chores/msg/fibonacci_copyActionResult.js] Error 1
make[1]: *** [CMakeFiles/Makefile2:213: CMakeFiles/chores_generate_messages_nodejs.dir/all] Error 2
ERROR:  /mnt/c/Users/Ryan/Desktop/cli-git-folder/ros/ros-edx-example/catkin_ws/devel/.private/chores/share/chores/msg/fibonacci-copyAction.msg: fibonacci-copyActionGoal is not a legal message field type
ERROR:  /mnt/c/Users/Ryan/Desktop/cli-git-folder/ros/ros-edx-example/catkin_ws/devel/.private/chores/share/chores/msg/fibonacci-copyAction.msg: fibonacci-copyActionGoal is not a legal message field type
ERROR:  /mnt/c/Users/Ryan/Desktop/cli-git-folder/ros/ros-edx-example/catkin_ws/devel/.private/chores/share/chores/msg/fibonacci-copyAction.msg: fibonacci-copyActionGoal is not a legal message field type
ERROR:  /mnt/c/Users/Ryan/Desktop/cli-git-folder/ros/ros-edx-example/catkin_ws/devel/.private/chores/share/chores/msg/fibonacci-copyAction.msg: fibonacci-copyActionGoal is not a legal message field type
make[2]: *** [CMakeFiles/chores_generate_messages_eus.dir/build.make:219: /mnt/c/Users/Ryan/Desktop/cli-git-folder/ros/ros-edx-example/catkin_ws/devel/.private/chores/share/roseus/ros/chores/msg/fibonacci_copyActionResult.l] Error 1
make[2]: *** [CMakeFiles/chores_generate_messages_eus.dir/build.make:228: /mnt/c/Users/Ryan/Desktop/cli-git-folder/ros/ros-edx-example/catkin_ws/devel/.private/chores/share/roseus/ros/chores/msg/fibonacci_copyActionFeedback.l] Error 1
make[2]: *** [CMakeFiles/chores_generate_messages_eus.dir/build.make:233: /mnt/c/Users/Ryan/Desktop/cli-git-folder/ros/ros-edx-example/catkin_ws/devel/.private/chores/share/roseus/ros/chores/msg/fibonacci_copyGoal.l] Error 1
make[2]: *** [CMakeFiles/chores_generate_messages_eus.dir/build.make:238: /mnt/c/Users/Ryan/Desktop/cli-git-folder/ros/ros-edx-example/catkin_ws/devel/.private/chores/share/roseus/ros/chores/msg/fibonacci_copyResult.l] Error 1
ERROR:  /mnt/c/Users/Ryan/Desktop/cli-git-folder/ros/ros-edx-example/catkin_ws/devel/.private/chores/share/chores/msg/fibonacci-copyAction.msg: fibonacci-copyActionGoal is not a legal message field type
make[2]: *** [CMakeFiles/chores_generate_messages_eus.dir/build.make:243: /mnt/c/Users/Ryan/Desktop/cli-git-folder/ros/ros-edx-example/catkin_ws/devel/.private/chores/share/roseus/ros/chores/msg/fibonacci_copyFeedback.l] Error 1
make[1]: *** [CMakeFiles/Makefile2:353: CMakeFiles/chores_generate_messages_eus.dir/all] Error 2
make: *** [Makefile:141: all] Error 2
