Linked: (/mnt/c/Users/Ryan/Desktop/cli-git-folder/ros/ros-edx-example/catkin_ws/devel/.private/beginner_tutorials/include/beginner_tutorials/Num.h, /mnt/c/Users/Ryan/Desktop/cli-git-folder/ros/ros-edx-example/catkin_ws/devel/include/beginner_tutorials/Num.h)
Linked: (/mnt/c/Users/Ryan/Desktop/cli-git-folder/ros/ros-edx-example/catkin_ws/devel/.private/beginner_tutorials/lib/beginner_tutorials/cmake.lock, /mnt/c/Users/Ryan/Desktop/cli-git-folder/ros/ros-edx-example/catkin_ws/devel/lib/beginner_tutorials/cmake.lock)
Linked: (/mnt/c/Users/Ryan/Desktop/cli-git-folder/ros/ros-edx-example/catkin_ws/devel/.private/beginner_tutorials/lib/beginner_tutorials/listener.py, /mnt/c/Users/Ryan/Desktop/cli-git-folder/ros/ros-edx-example/catkin_ws/devel/lib/beginner_tutorials/listener.py)
Linked: (/mnt/c/Users/Ryan/Desktop/cli-git-folder/ros/ros-edx-example/catkin_ws/devel/.private/beginner_tutorials/lib/beginner_tutorials/talker.py, /mnt/c/Users/Ryan/Desktop/cli-git-folder/ros/ros-edx-example/catkin_ws/devel/lib/beginner_tutorials/talker.py)
Linked: (/mnt/c/Users/Ryan/Desktop/cli-git-folder/ros/ros-edx-example/catkin_ws/devel/.private/beginner_tutorials/lib/pkgconfig/beginner_tutorials.pc, /mnt/c/Users/Ryan/Desktop/cli-git-folder/ros/ros-edx-example/catkin_ws/devel/lib/pkgconfig/beginner_tutorials.pc)
Linked: (/mnt/c/Users/Ryan/Desktop/cli-git-folder/ros/ros-edx-example/catkin_ws/devel/.private/beginner_tutorials/lib/python3/dist-packages/beginner_tutorials/__init__.py, /mnt/c/Users/Ryan/Desktop/cli-git-folder/ros/ros-edx-example/catkin_ws/devel/lib/python3/dist-packages/beginner_tutorials/__init__.py)
Linked: (/mnt/c/Users/Ryan/Desktop/cli-git-folder/ros/ros-edx-example/catkin_ws/devel/.private/beginner_tutorials/lib/python3/dist-packages/beginner_tutorials/msg/_Num.py, /mnt/c/Users/Ryan/Desktop/cli-git-folder/ros/ros-edx-example/catkin_ws/devel/lib/python3/dist-packages/beginner_tutorials/msg/_Num.py)
Linked: (/mnt/c/Users/Ryan/Desktop/cli-git-folder/ros/ros-edx-example/catkin_ws/devel/.private/beginner_tutorials/lib/python3/dist-packages/beginner_tutorials/msg/__init__.py, /mnt/c/Users/Ryan/Desktop/cli-git-folder/ros/ros-edx-example/catkin_ws/devel/lib/python3/dist-packages/beginner_tutorials/msg/__init__.py)
Linked: (/mnt/c/Users/Ryan/Desktop/cli-git-folder/ros/ros-edx-example/catkin_ws/devel/.private/beginner_tutorials/share/beginner_tutorials/cmake/beginner_tutorials-msg-extras.cmake, /mnt/c/Users/Ryan/Desktop/cli-git-folder/ros/ros-edx-example/catkin_ws/devel/share/beginner_tutorials/cmake/beginner_tutorials-msg-extras.cmake)
Linked: (/mnt/c/Users/Ryan/Desktop/cli-git-folder/ros/ros-edx-example/catkin_ws/devel/.private/beginner_tutorials/share/beginner_tutorials/cmake/beginner_tutorials-msg-paths.cmake, /mnt/c/Users/Ryan/Desktop/cli-git-folder/ros/ros-edx-example/catkin_ws/devel/share/beginner_tutorials/cmake/beginner_tutorials-msg-paths.cmake)
Linked: (/mnt/c/Users/Ryan/Desktop/cli-git-folder/ros/ros-edx-example/catkin_ws/devel/.private/beginner_tutorials/share/beginner_tutorials/cmake/beginner_tutorialsConfig-version.cmake, /mnt/c/Users/Ryan/Desktop/cli-git-folder/ros/ros-edx-example/catkin_ws/devel/share/beginner_tutorials/cmake/beginner_tutorialsConfig-version.cmake)
Linked: (/mnt/c/Users/Ryan/Desktop/cli-git-folder/ros/ros-edx-example/catkin_ws/devel/.private/beginner_tutorials/share/beginner_tutorials/cmake/beginner_tutorialsConfig.cmake, /mnt/c/Users/Ryan/Desktop/cli-git-folder/ros/ros-edx-example/catkin_ws/devel/share/beginner_tutorials/cmake/beginner_tutorialsConfig.cmake)
Linked: (/mnt/c/Users/Ryan/Desktop/cli-git-folder/ros/ros-edx-example/catkin_ws/devel/.private/beginner_tutorials/share/common-lisp/ros/beginner_tutorials/msg/beginner_tutorials-msg.asd, /mnt/c/Users/Ryan/Desktop/cli-git-folder/ros/ros-edx-example/catkin_ws/devel/share/common-lisp/ros/beginner_tutorials/msg/beginner_tutorials-msg.asd)
Linked: (/mnt/c/Users/Ryan/Desktop/cli-git-folder/ros/ros-edx-example/catkin_ws/devel/.private/beginner_tutorials/share/common-lisp/ros/beginner_tutorials/msg/Num.lisp, /mnt/c/Users/Ryan/Desktop/cli-git-folder/ros/ros-edx-example/catkin_ws/devel/share/common-lisp/ros/beginner_tutorials/msg/Num.lisp)
Linked: (/mnt/c/Users/Ryan/Desktop/cli-git-folder/ros/ros-edx-example/catkin_ws/devel/.private/beginner_tutorials/share/common-lisp/ros/beginner_tutorials/msg/_package.lisp, /mnt/c/Users/Ryan/Desktop/cli-git-folder/ros/ros-edx-example/catkin_ws/devel/share/common-lisp/ros/beginner_tutorials/msg/_package.lisp)
Linked: (/mnt/c/Users/Ryan/Desktop/cli-git-folder/ros/ros-edx-example/catkin_ws/devel/.private/beginner_tutorials/share/common-lisp/ros/beginner_tutorials/msg/_package_Num.lisp, /mnt/c/Users/Ryan/Desktop/cli-git-folder/ros/ros-edx-example/catkin_ws/devel/share/common-lisp/ros/beginner_tutorials/msg/_package_Num.lisp)
Linked: (/mnt/c/Users/Ryan/Desktop/cli-git-folder/ros/ros-edx-example/catkin_ws/devel/.private/beginner_tutorials/share/gennodejs/ros/beginner_tutorials/_index.js, /mnt/c/Users/Ryan/Desktop/cli-git-folder/ros/ros-edx-example/catkin_ws/devel/share/gennodejs/ros/beginner_tutorials/_index.js)
Linked: (/mnt/c/Users/Ryan/Desktop/cli-git-folder/ros/ros-edx-example/catkin_ws/devel/.private/beginner_tutorials/share/gennodejs/ros/beginner_tutorials/msg/Num.js, /mnt/c/Users/Ryan/Desktop/cli-git-folder/ros/ros-edx-example/catkin_ws/devel/share/gennodejs/ros/beginner_tutorials/msg/Num.js)
Linked: (/mnt/c/Users/Ryan/Desktop/cli-git-folder/ros/ros-edx-example/catkin_ws/devel/.private/beginner_tutorials/share/gennodejs/ros/beginner_tutorials/msg/_index.js, /mnt/c/Users/Ryan/Desktop/cli-git-folder/ros/ros-edx-example/catkin_ws/devel/share/gennodejs/ros/beginner_tutorials/msg/_index.js)
Linked: (/mnt/c/Users/Ryan/Desktop/cli-git-folder/ros/ros-edx-example/catkin_ws/devel/.private/beginner_tutorials/share/roseus/ros/beginner_tutorials/manifest.l, /mnt/c/Users/Ryan/Desktop/cli-git-folder/ros/ros-edx-example/catkin_ws/devel/share/roseus/ros/beginner_tutorials/manifest.l)
Linked: (/mnt/c/Users/Ryan/Desktop/cli-git-folder/ros/ros-edx-example/catkin_ws/devel/.private/beginner_tutorials/share/roseus/ros/beginner_tutorials/msg/Num.l, /mnt/c/Users/Ryan/Desktop/cli-git-folder/ros/ros-edx-example/catkin_ws/devel/share/roseus/ros/beginner_tutorials/msg/Num.l)
