[36m--[0m Using CATKIN_DEVEL_PREFIX: /mnt/c/Users/Ryan/Desktop/cli-git-folder/ros/ros-edx-example/catkin_ws/devel/.private/hrwros
[36m--[0m Using CMAKE_PREFIX_PATH: /mnt/c/Users/Ryan/Desktop/cli-git-folder/ros/ros-edx-example/catkin_ws/devel;/opt/ros/noetic
[36m--[0m This workspace overlays: /mnt/c/Users/Ryan/Desktop/cli-git-folder/ros/ros-edx-example/catkin_ws/devel;/opt/ros/noetic
[36m--[0m Found PythonInterp: /home/rbednar/.local/share/virtualenvs/ros-edx-example-TNbRsaha/bin/python3 (found suitable version "3.7.4", minimum required is "3")
[36m--[0m Using PYTHON_EXECUTABLE: /home/rbednar/.local/share/virtualenvs/ros-edx-example-TNbRsaha/bin/python3
[36m--[0m Using Debian Python package layout
[36m--[0m Using empy: /home/rbednar/.local/share/virtualenvs/ros-edx-example-TNbRsaha/lib/python3.7/site-packages/em.py
[36m--[0m Using CATKIN_ENABLE_TESTING: ON
[36m--[0m Call enable_testing()
[36m--[0m Using CATKIN_TEST_RESULTS_DIR: /mnt/c/Users/Ryan/Desktop/cli-git-folder/ros/ros-edx-example/catkin_ws/build/hrwros/test_results
[36m--[0m Forcing gtest/gmock from source, though one was otherwise available.
[36m--[0m Found gtest sources under '/usr/src/googletest': gtests will be built
[36m--[0m Found gmock sources under '/usr/src/googletest': gmock will be built
[36m--[0m Found PythonInterp: /home/rbednar/.local/share/virtualenvs/ros-edx-example-TNbRsaha/bin/python3 (found version "3.7.4")
[36m--[0m Using Python nosetests: /usr/bin/nosetests3
[36m--[0m catkin 0.8.8
[36m--[0m BUILD_SHARED_LIBS is on
[36m--[0m Using these message generators: gencpp;geneus;genlisp;gennodejs;genpy
[36m--[0m Configuring done
[36m--[0m Generating done
[36m--[0m Build files have been written to: /mnt/c/Users/Ryan/Desktop/cli-git-folder/ros/ros-edx-example/catkin_ws/build/hrwros
