Determining if the pthread_create exist failed with the following output:
Change Dir: /mnt/c/Users/Ryan/Desktop/cli-git-folder/ros/ros-edx-example/catkin_ws/build/catkin_tools_prebuild/CMakeFiles/CMakeTmp

Run Build Command:"/usr/bin/make" "cmTC_14ffa/fast"
/usr/bin/make -f CMakeFiles/cmTC_14ffa.dir/build.make CMakeFiles/cmTC_14ffa.dir/build
make[1]: Entering directory '/mnt/c/Users/Ryan/Desktop/cli-git-folder/ros/ros-edx-example/catkin_ws/build/catkin_tools_prebuild/CMakeFiles/CMakeTmp'
Building C object CMakeFiles/cmTC_14ffa.dir/CheckSymbolExists.c.o
/usr/bin/cc    -o CMakeFiles/cmTC_14ffa.dir/CheckSymbolExists.c.o   -c /mnt/c/Users/Ryan/Desktop/cli-git-folder/ros/ros-edx-example/catkin_ws/build/catkin_tools_prebuild/CMakeFiles/CMakeTmp/CheckSymbolExists.c
Linking C executable cmTC_14ffa
/usr/bin/cmake -E cmake_link_script CMakeFiles/cmTC_14ffa.dir/link.txt --verbose=1
/usr/bin/cc      -rdynamic CMakeFiles/cmTC_14ffa.dir/CheckSymbolExists.c.o  -o cmTC_14ffa 
/usr/bin/ld: CMakeFiles/cmTC_14ffa.dir/CheckSymbolExists.c.o: in function `main':
CheckSymbolExists.c:(.text+0x1b): undefined reference to `pthread_create'
collect2: error: ld returned 1 exit status
make[1]: *** [CMakeFiles/cmTC_14ffa.dir/build.make:87: cmTC_14ffa] Error 1
make[1]: Leaving directory '/mnt/c/Users/Ryan/Desktop/cli-git-folder/ros/ros-edx-example/catkin_ws/build/catkin_tools_prebuild/CMakeFiles/CMakeTmp'
make: *** [Makefile:121: cmTC_14ffa/fast] Error 2

File /mnt/c/Users/Ryan/Desktop/cli-git-folder/ros/ros-edx-example/catkin_ws/build/catkin_tools_prebuild/CMakeFiles/CMakeTmp/CheckSymbolExists.c:
/* */
#include <pthread.h>

int main(int argc, char** argv)
{
  (void)argv;
#ifndef pthread_create
  return ((int*)(&pthread_create))[argc];
#else
  (void)argc;
  return 0;
#endif
}

Determining if the function pthread_create exists in the pthreads failed with the following output:
Change Dir: /mnt/c/Users/Ryan/Desktop/cli-git-folder/ros/ros-edx-example/catkin_ws/build/catkin_tools_prebuild/CMakeFiles/CMakeTmp

Run Build Command:"/usr/bin/make" "cmTC_29f8f/fast"
/usr/bin/make -f CMakeFiles/cmTC_29f8f.dir/build.make CMakeFiles/cmTC_29f8f.dir/build
make[1]: Entering directory '/mnt/c/Users/Ryan/Desktop/cli-git-folder/ros/ros-edx-example/catkin_ws/build/catkin_tools_prebuild/CMakeFiles/CMakeTmp'
Building C object CMakeFiles/cmTC_29f8f.dir/CheckFunctionExists.c.o
/usr/bin/cc   -DCHECK_FUNCTION_EXISTS=pthread_create   -o CMakeFiles/cmTC_29f8f.dir/CheckFunctionExists.c.o   -c /usr/share/cmake-3.13/Modules/CheckFunctionExists.c
Linking C executable cmTC_29f8f
/usr/bin/cmake -E cmake_link_script CMakeFiles/cmTC_29f8f.dir/link.txt --verbose=1
/usr/bin/cc  -DCHECK_FUNCTION_EXISTS=pthread_create    -rdynamic CMakeFiles/cmTC_29f8f.dir/CheckFunctionExists.c.o  -o cmTC_29f8f -lpthreads 
/usr/bin/ld: cannot find -lpthreads
collect2: error: ld returned 1 exit status
make[1]: *** [CMakeFiles/cmTC_29f8f.dir/build.make:87: cmTC_29f8f] Error 1
make[1]: Leaving directory '/mnt/c/Users/Ryan/Desktop/cli-git-folder/ros/ros-edx-example/catkin_ws/build/catkin_tools_prebuild/CMakeFiles/CMakeTmp'
make: *** [Makefile:121: cmTC_29f8f/fast] Error 2


