Linked: (/mnt/c/Users/Ryan/Desktop/cli-git-folder/ros/ros-edx-example/catkin_ws/devel/.private/hrwros_msgs/include/hrwros_msgs/meters_2_feet.h, /mnt/c/Users/Ryan/Desktop/cli-git-folder/ros/ros-edx-example/catkin_ws/devel/include/hrwros_msgs/meters_2_feet.h)
Linked: (/mnt/c/Users/Ryan/Desktop/cli-git-folder/ros/ros-edx-example/catkin_ws/devel/.private/hrwros_msgs/include/hrwros_msgs/meters_2_feetRequest.h, /mnt/c/Users/Ryan/Desktop/cli-git-folder/ros/ros-edx-example/catkin_ws/devel/include/hrwros_msgs/meters_2_feetRequest.h)
Linked: (/mnt/c/Users/Ryan/Desktop/cli-git-folder/ros/ros-edx-example/catkin_ws/devel/.private/hrwros_msgs/include/hrwros_msgs/meters_2_feetResponse.h, /mnt/c/Users/Ryan/Desktop/cli-git-folder/ros/ros-edx-example/catkin_ws/devel/include/hrwros_msgs/meters_2_feetResponse.h)
Linked: (/mnt/c/Users/Ryan/Desktop/cli-git-folder/ros/ros-edx-example/catkin_ws/devel/.private/hrwros_msgs/include/hrwros_msgs/SensorInformation.h, /mnt/c/Users/Ryan/Desktop/cli-git-folder/ros/ros-edx-example/catkin_ws/devel/include/hrwros_msgs/SensorInformation.h)
Linked: (/mnt/c/Users/Ryan/Desktop/cli-git-folder/ros/ros-edx-example/catkin_ws/devel/.private/hrwros_msgs/lib/pkgconfig/hrwros_msgs.pc, /mnt/c/Users/Ryan/Desktop/cli-git-folder/ros/ros-edx-example/catkin_ws/devel/lib/pkgconfig/hrwros_msgs.pc)
Linked: (/mnt/c/Users/Ryan/Desktop/cli-git-folder/ros/ros-edx-example/catkin_ws/devel/.private/hrwros_msgs/lib/python3/dist-packages/hrwros_msgs/__init__.py, /mnt/c/Users/Ryan/Desktop/cli-git-folder/ros/ros-edx-example/catkin_ws/devel/lib/python3/dist-packages/hrwros_msgs/__init__.py)
Linked: (/mnt/c/Users/Ryan/Desktop/cli-git-folder/ros/ros-edx-example/catkin_ws/devel/.private/hrwros_msgs/lib/python3/dist-packages/hrwros_msgs/msg/_SensorInformation.py, /mnt/c/Users/Ryan/Desktop/cli-git-folder/ros/ros-edx-example/catkin_ws/devel/lib/python3/dist-packages/hrwros_msgs/msg/_SensorInformation.py)
Linked: (/mnt/c/Users/Ryan/Desktop/cli-git-folder/ros/ros-edx-example/catkin_ws/devel/.private/hrwros_msgs/lib/python3/dist-packages/hrwros_msgs/msg/__init__.py, /mnt/c/Users/Ryan/Desktop/cli-git-folder/ros/ros-edx-example/catkin_ws/devel/lib/python3/dist-packages/hrwros_msgs/msg/__init__.py)
Linked: (/mnt/c/Users/Ryan/Desktop/cli-git-folder/ros/ros-edx-example/catkin_ws/devel/.private/hrwros_msgs/lib/python3/dist-packages/hrwros_msgs/srv/_meters_2_feet.py, /mnt/c/Users/Ryan/Desktop/cli-git-folder/ros/ros-edx-example/catkin_ws/devel/lib/python3/dist-packages/hrwros_msgs/srv/_meters_2_feet.py)
Linked: (/mnt/c/Users/Ryan/Desktop/cli-git-folder/ros/ros-edx-example/catkin_ws/devel/.private/hrwros_msgs/lib/python3/dist-packages/hrwros_msgs/srv/__init__.py, /mnt/c/Users/Ryan/Desktop/cli-git-folder/ros/ros-edx-example/catkin_ws/devel/lib/python3/dist-packages/hrwros_msgs/srv/__init__.py)
Linked: (/mnt/c/Users/Ryan/Desktop/cli-git-folder/ros/ros-edx-example/catkin_ws/devel/.private/hrwros_msgs/share/common-lisp/ros/hrwros_msgs/msg/hrwros_msgs-msg.asd, /mnt/c/Users/Ryan/Desktop/cli-git-folder/ros/ros-edx-example/catkin_ws/devel/share/common-lisp/ros/hrwros_msgs/msg/hrwros_msgs-msg.asd)
Linked: (/mnt/c/Users/Ryan/Desktop/cli-git-folder/ros/ros-edx-example/catkin_ws/devel/.private/hrwros_msgs/share/common-lisp/ros/hrwros_msgs/msg/SensorInformation.lisp, /mnt/c/Users/Ryan/Desktop/cli-git-folder/ros/ros-edx-example/catkin_ws/devel/share/common-lisp/ros/hrwros_msgs/msg/SensorInformation.lisp)
Linked: (/mnt/c/Users/Ryan/Desktop/cli-git-folder/ros/ros-edx-example/catkin_ws/devel/.private/hrwros_msgs/share/common-lisp/ros/hrwros_msgs/msg/_package.lisp, /mnt/c/Users/Ryan/Desktop/cli-git-folder/ros/ros-edx-example/catkin_ws/devel/share/common-lisp/ros/hrwros_msgs/msg/_package.lisp)
Linked: (/mnt/c/Users/Ryan/Desktop/cli-git-folder/ros/ros-edx-example/catkin_ws/devel/.private/hrwros_msgs/share/common-lisp/ros/hrwros_msgs/msg/_package_SensorInformation.lisp, /mnt/c/Users/Ryan/Desktop/cli-git-folder/ros/ros-edx-example/catkin_ws/devel/share/common-lisp/ros/hrwros_msgs/msg/_package_SensorInformation.lisp)
Linked: (/mnt/c/Users/Ryan/Desktop/cli-git-folder/ros/ros-edx-example/catkin_ws/devel/.private/hrwros_msgs/share/common-lisp/ros/hrwros_msgs/srv/hrwros_msgs-srv.asd, /mnt/c/Users/Ryan/Desktop/cli-git-folder/ros/ros-edx-example/catkin_ws/devel/share/common-lisp/ros/hrwros_msgs/srv/hrwros_msgs-srv.asd)
Linked: (/mnt/c/Users/Ryan/Desktop/cli-git-folder/ros/ros-edx-example/catkin_ws/devel/.private/hrwros_msgs/share/common-lisp/ros/hrwros_msgs/srv/meters_2_feet.lisp, /mnt/c/Users/Ryan/Desktop/cli-git-folder/ros/ros-edx-example/catkin_ws/devel/share/common-lisp/ros/hrwros_msgs/srv/meters_2_feet.lisp)
Linked: (/mnt/c/Users/Ryan/Desktop/cli-git-folder/ros/ros-edx-example/catkin_ws/devel/.private/hrwros_msgs/share/common-lisp/ros/hrwros_msgs/srv/_package.lisp, /mnt/c/Users/Ryan/Desktop/cli-git-folder/ros/ros-edx-example/catkin_ws/devel/share/common-lisp/ros/hrwros_msgs/srv/_package.lisp)
Linked: (/mnt/c/Users/Ryan/Desktop/cli-git-folder/ros/ros-edx-example/catkin_ws/devel/.private/hrwros_msgs/share/common-lisp/ros/hrwros_msgs/srv/_package_meters_2_feet.lisp, /mnt/c/Users/Ryan/Desktop/cli-git-folder/ros/ros-edx-example/catkin_ws/devel/share/common-lisp/ros/hrwros_msgs/srv/_package_meters_2_feet.lisp)
Linked: (/mnt/c/Users/Ryan/Desktop/cli-git-folder/ros/ros-edx-example/catkin_ws/devel/.private/hrwros_msgs/share/gennodejs/ros/hrwros_msgs/_index.js, /mnt/c/Users/Ryan/Desktop/cli-git-folder/ros/ros-edx-example/catkin_ws/devel/share/gennodejs/ros/hrwros_msgs/_index.js)
Linked: (/mnt/c/Users/Ryan/Desktop/cli-git-folder/ros/ros-edx-example/catkin_ws/devel/.private/hrwros_msgs/share/gennodejs/ros/hrwros_msgs/msg/SensorInformation.js, /mnt/c/Users/Ryan/Desktop/cli-git-folder/ros/ros-edx-example/catkin_ws/devel/share/gennodejs/ros/hrwros_msgs/msg/SensorInformation.js)
Linked: (/mnt/c/Users/Ryan/Desktop/cli-git-folder/ros/ros-edx-example/catkin_ws/devel/.private/hrwros_msgs/share/gennodejs/ros/hrwros_msgs/msg/_index.js, /mnt/c/Users/Ryan/Desktop/cli-git-folder/ros/ros-edx-example/catkin_ws/devel/share/gennodejs/ros/hrwros_msgs/msg/_index.js)
Linked: (/mnt/c/Users/Ryan/Desktop/cli-git-folder/ros/ros-edx-example/catkin_ws/devel/.private/hrwros_msgs/share/gennodejs/ros/hrwros_msgs/srv/meters_2_feet.js, /mnt/c/Users/Ryan/Desktop/cli-git-folder/ros/ros-edx-example/catkin_ws/devel/share/gennodejs/ros/hrwros_msgs/srv/meters_2_feet.js)
Linked: (/mnt/c/Users/Ryan/Desktop/cli-git-folder/ros/ros-edx-example/catkin_ws/devel/.private/hrwros_msgs/share/gennodejs/ros/hrwros_msgs/srv/_index.js, /mnt/c/Users/Ryan/Desktop/cli-git-folder/ros/ros-edx-example/catkin_ws/devel/share/gennodejs/ros/hrwros_msgs/srv/_index.js)
Linked: (/mnt/c/Users/Ryan/Desktop/cli-git-folder/ros/ros-edx-example/catkin_ws/devel/.private/hrwros_msgs/share/hrwros_msgs/cmake/hrwros_msgs-msg-extras.cmake, /mnt/c/Users/Ryan/Desktop/cli-git-folder/ros/ros-edx-example/catkin_ws/devel/share/hrwros_msgs/cmake/hrwros_msgs-msg-extras.cmake)
Linked: (/mnt/c/Users/Ryan/Desktop/cli-git-folder/ros/ros-edx-example/catkin_ws/devel/.private/hrwros_msgs/share/hrwros_msgs/cmake/hrwros_msgs-msg-paths.cmake, /mnt/c/Users/Ryan/Desktop/cli-git-folder/ros/ros-edx-example/catkin_ws/devel/share/hrwros_msgs/cmake/hrwros_msgs-msg-paths.cmake)
Linked: (/mnt/c/Users/Ryan/Desktop/cli-git-folder/ros/ros-edx-example/catkin_ws/devel/.private/hrwros_msgs/share/hrwros_msgs/cmake/hrwros_msgsConfig-version.cmake, /mnt/c/Users/Ryan/Desktop/cli-git-folder/ros/ros-edx-example/catkin_ws/devel/share/hrwros_msgs/cmake/hrwros_msgsConfig-version.cmake)
Linked: (/mnt/c/Users/Ryan/Desktop/cli-git-folder/ros/ros-edx-example/catkin_ws/devel/.private/hrwros_msgs/share/hrwros_msgs/cmake/hrwros_msgsConfig.cmake, /mnt/c/Users/Ryan/Desktop/cli-git-folder/ros/ros-edx-example/catkin_ws/devel/share/hrwros_msgs/cmake/hrwros_msgsConfig.cmake)
Linked: (/mnt/c/Users/Ryan/Desktop/cli-git-folder/ros/ros-edx-example/catkin_ws/devel/.private/hrwros_msgs/share/roseus/ros/hrwros_msgs/manifest.l, /mnt/c/Users/Ryan/Desktop/cli-git-folder/ros/ros-edx-example/catkin_ws/devel/share/roseus/ros/hrwros_msgs/manifest.l)
Linked: (/mnt/c/Users/Ryan/Desktop/cli-git-folder/ros/ros-edx-example/catkin_ws/devel/.private/hrwros_msgs/share/roseus/ros/hrwros_msgs/msg/SensorInformation.l, /mnt/c/Users/Ryan/Desktop/cli-git-folder/ros/ros-edx-example/catkin_ws/devel/share/roseus/ros/hrwros_msgs/msg/SensorInformation.l)
Linked: (/mnt/c/Users/Ryan/Desktop/cli-git-folder/ros/ros-edx-example/catkin_ws/devel/.private/hrwros_msgs/share/roseus/ros/hrwros_msgs/srv/meters_2_feet.l, /mnt/c/Users/Ryan/Desktop/cli-git-folder/ros/ros-edx-example/catkin_ws/devel/share/roseus/ros/hrwros_msgs/srv/meters_2_feet.l)
