[  0%] Built target sensor_msgs_generate_messages_py
[  0%] Built target std_msgs_generate_messages_py
[  0%] Built target sensor_msgs_generate_messages_eus
[  0%] Built target std_msgs_generate_messages_eus
[  0%] Built target std_msgs_generate_messages_cpp
[  0%] Built target sensor_msgs_generate_messages_cpp
[  0%] Built target _hrwros_msgs_generate_messages_check_deps_SensorInformation
[  0%] Built target _hrwros_msgs_generate_messages_check_deps_meters_2_feet
[  0%] Built target sensor_msgs_generate_messages_nodejs
[  0%] Built target std_msgs_generate_messages_nodejs
[  0%] Built target sensor_msgs_generate_messages_lisp
[  0%] Built target std_msgs_generate_messages_lisp
[  7%] [34m[1mGenerating Python code from SRV hrwros_msgs/meters_2_feet[0m
[ 15%] [34m[1mGenerating EusLisp code from hrwros_msgs/meters_2_feet.srv[0m
[ 30%] [34m[1mGenerating C++ code from hrwros_msgs/meters_2_feet.srv[0m
[ 30%] [34m[1mGenerating Javascript code from hrwros_msgs/meters_2_feet.srv[0m
[ 38%] [34m[1mGenerating Lisp code from hrwros_msgs/meters_2_feet.srv[0m
[ 46%] Built target hrwros_msgs_generate_messages_nodejs
[ 53%] Built target hrwros_msgs_generate_messages_lisp
[ 69%] [34m[1mGenerating Python srv __init__.py for hrwros_msgs[0m
[ 69%] [34m[1mGenerating Python msg __init__.py for hrwros_msgs[0m
[ 84%] Built target hrwros_msgs_generate_messages_eus
[ 92%] Built target hrwros_msgs_generate_messages_py
[100%] Built target hrwros_msgs_generate_messages_cpp
[100%] Built target hrwros_msgs_generate_messages
